<?xml version="1.0" encoding="UTF-8"?>
<testng-results ignored="0" total="4" passed="4" failed="0" skipped="0">
  <reporter-output>
  </reporter-output>
  <suite started-at="2023-12-22T20:38:27 IST" name="Default suite" finished-at="2023-12-22T20:38:36 IST" duration-ms="8695">
    <groups>
    </groups>
    <test started-at="2023-12-22T20:38:27 IST" name="Default test" finished-at="2023-12-22T20:38:36 IST" duration-ms="8695">
      <class name="com.medicare.Test.LoginPageTest">
        <test-method is-config="true" signature="InitalizeExtentReport()[pri:0, instance:com.medicare.Test.LoginPageTest@7bba5817]" started-at="2023-12-22T20:38:27 IST" name="InitalizeExtentReport" finished-at="2023-12-22T20:38:27 IST" duration-ms="304" status="PASS">
          <reporter-output>
          </reporter-output>
        </test-method> <!-- InitalizeExtentReport -->
        <test-method is-config="true" signature="getnameMethod(org.testng.ITestContext)[pri:0, instance:com.medicare.Test.LoginPageTest@7bba5817]" started-at="2023-12-22T20:38:27 IST" name="getnameMethod" finished-at="2023-12-22T20:38:27 IST" duration-ms="10" status="PASS">
          <params>
            <param index="0">
              <value>
                <![CDATA[org.testng.TestRunner@235c997d]]>
              </value>
            </param>
          </params>
          <reporter-output>
          </reporter-output>
        </test-method> <!-- getnameMethod -->
        <test-method is-config="true" signature="start_browser()[pri:0, instance:com.medicare.Test.LoginPageTest@7bba5817]" started-at="2023-12-22T20:38:27 IST" name="start_browser" finished-at="2023-12-22T20:38:30 IST" depends-on-methods="com.medicare.Scripts.TestBase.getnameMethod" duration-ms="3014" status="PASS">
          <reporter-output>
          </reporter-output>
        </test-method> <!-- start_browser -->
        <test-method signature="test_login()[pri:49, instance:com.medicare.Test.LoginPageTest@7bba5817]" started-at="2023-12-22T20:38:30 IST" name="test_login" finished-at="2023-12-22T20:38:36 IST" duration-ms="5415" status="PASS">
          <reporter-output>
          </reporter-output>
        </test-method> <!-- test_login -->
        <test-method is-config="true" signature="generateTestStatus(java.lang.reflect.Method,org.testng.ITestResult)[pri:0, instance:com.medicare.Test.LoginPageTest@7bba5817]" started-at="2023-12-22T20:38:36 IST" name="generateTestStatus" finished-at="2023-12-22T20:38:36 IST" duration-ms="9" status="PASS">
          <params>
            <param index="0">
              <value>
                <![CDATA[public void com.medicare.Test.LoginPageTest.test_login() throws java.lang.InterruptedException]]>
              </value>
            </param>
            <param index="1">
              <value>
                <![CDATA[[TestResult name=test_login status=SUCCESS method=LoginPageTest.test_login()[pri:49, instance:com.medicare.Test.LoginPageTest@7bba5817] output={null}]]]>
              </value>
            </param>
          </params>
          <reporter-output>
          </reporter-output>
        </test-method> <!-- generateTestStatus -->
        <test-method signature="test_getTitle_page()[pri:50, instance:com.medicare.Test.LoginPageTest@7bba5817]" started-at="2023-12-22T20:38:36 IST" name="test_getTitle_page" finished-at="2023-12-22T20:38:36 IST" duration-ms="6" status="PASS">
          <reporter-output>
          </reporter-output>
        </test-method> <!-- test_getTitle_page -->
        <test-method is-config="true" signature="generateTestStatus(java.lang.reflect.Method,org.testng.ITestResult)[pri:0, instance:com.medicare.Test.LoginPageTest@7bba5817]" started-at="2023-12-22T20:38:36 IST" name="generateTestStatus" finished-at="2023-12-22T20:38:36 IST" duration-ms="0" status="PASS">
          <params>
            <param index="0">
              <value>
                <![CDATA[public void com.medicare.Test.LoginPageTest.test_getTitle_page()]]>
              </value>
            </param>
            <param index="1">
              <value>
                <![CDATA[[TestResult name=test_getTitle_page status=SUCCESS method=LoginPageTest.test_getTitle_page()[pri:50, instance:com.medicare.Test.LoginPageTest@7bba5817] output={null}]]]>
              </value>
            </param>
          </params>
          <reporter-output>
          </reporter-output>
        </test-method> <!-- generateTestStatus -->
        <test-method signature="Test_validate_registration_Text()[pri:51, instance:com.medicare.Test.LoginPageTest@7bba5817]" started-at="2023-12-22T20:38:36 IST" name="Test_validate_registration_Text" finished-at="2023-12-22T20:38:36 IST" duration-ms="60" status="PASS">
          <reporter-output>
          </reporter-output>
        </test-method> <!-- Test_validate_registration_Text -->
        <test-method signature="test_click_cart()[pri:52, instance:com.medicare.Test.LoginPageTest@7bba5817]" started-at="2023-12-22T20:38:36 IST" name="test_click_cart" finished-at="2023-12-22T20:38:36 IST" duration-ms="140" status="PASS">
          <reporter-output>
          </reporter-output>
        </test-method> <!-- test_click_cart -->
        <test-method is-config="true" signature="generateTestStatus(java.lang.reflect.Method,org.testng.ITestResult)[pri:0, instance:com.medicare.Test.LoginPageTest@7bba5817]" started-at="2023-12-22T20:38:36 IST" name="generateTestStatus" finished-at="2023-12-22T20:38:36 IST" duration-ms="0" status="PASS">
          <params>
            <param index="0">
              <value>
                <![CDATA[public void com.medicare.Test.LoginPageTest.Test_validate_registration_Text()]]>
              </value>
            </param>
            <param index="1">
              <value>
                <![CDATA[[TestResult name=Test_validate_registration_Text status=SUCCESS method=LoginPageTest.Test_validate_registration_Text()[pri:51, instance:com.medicare.Test.LoginPageTest@7bba5817] output={null}]]]>
              </value>
            </param>
          </params>
          <reporter-output>
          </reporter-output>
        </test-method> <!-- generateTestStatus -->
        <test-method is-config="true" signature="generateTestStatus(java.lang.reflect.Method,org.testng.ITestResult)[pri:0, instance:com.medicare.Test.LoginPageTest@7bba5817]" started-at="2023-12-22T20:38:36 IST" name="generateTestStatus" finished-at="2023-12-22T20:38:36 IST" duration-ms="5" status="PASS">
          <params>
            <param index="0">
              <value>
                <![CDATA[public void com.medicare.Test.LoginPageTest.test_click_cart()]]>
              </value>
            </param>
            <param index="1">
              <value>
                <![CDATA[[TestResult name=test_click_cart status=SUCCESS method=LoginPageTest.test_click_cart()[pri:52, instance:com.medicare.Test.LoginPageTest@7bba5817] output={null}]]]>
              </value>
            </param>
          </params>
          <reporter-output>
          </reporter-output>
        </test-method> <!-- generateTestStatus -->
        <test-method is-config="true" signature="generateReports()[pri:0, instance:com.medicare.Test.LoginPageTest@7bba5817]" started-at="2023-12-22T20:38:36 IST" name="generateReports" finished-at="2023-12-22T20:38:37 IST" duration-ms="1232" status="PASS">
          <reporter-output>
          </reporter-output>
        </test-method> <!-- generateReports -->
      </class> <!-- com.medicare.Test.LoginPageTest -->
    </test> <!-- Default test -->
  </suite> <!-- Default suite -->
</testng-results>
