<?xml version="1.0" encoding="UTF-8"?>
<!-- Generated by org.testng.reporters.JUnitXMLReporter -->
<testsuite ignored="0" hostname="DESKTOP-EUH2O3V" failures="0" tests="5" name="CapstoneProject" time="10.111" errors="0" timestamp="2023-12-22T20:29:47 IST">
  <testcase classname="com.medicare.Test.RegisterPageTest" name="test_click_register_link" time="1.665"/>
  <testcase classname="com.medicare.Test.RegisterPageTest" name="test_getTitle_page" time="0.019"/>
  <testcase classname="com.medicare.Test.RegisterPageTest" name="Test_register_user" time="5.427"/>
  <testcase classname="com.medicare.Test.RegisterPageTest" name="Test_validate_registration_URL" time="0.014"/>
  <testcase classname="com.medicare.Test.RegisterPageTest" name="Test_validate_registration_Text" time="0.051"/>
</testsuite> <!-- CapstoneProject -->
