<?xml version="1.0" encoding="UTF-8"?>
<!-- Generated by org.testng.reporters.JUnitXMLReporter -->
<testsuite ignored="0" hostname="DESKTOP-EUH2O3V" failures="0" tests="4" name="Default test" time="8.695" errors="0" timestamp="2023-12-22T20:38:36 IST">
  <testcase classname="com.medicare.Test.LoginPageTest" name="test_login" time="5.415"/>
  <testcase classname="com.medicare.Test.LoginPageTest" name="test_getTitle_page" time="0.006"/>
  <testcase classname="com.medicare.Test.LoginPageTest" name="Test_validate_registration_Text" time="0.06"/>
  <testcase classname="com.medicare.Test.LoginPageTest" name="test_click_cart" time="0.14"/>
</testsuite> <!-- Default test -->
