<?xml version="1.0" encoding="UTF-8"?>
<!-- Generated by org.testng.reporters.JUnitXMLReporter -->
<testsuite ignored="0" hostname="DESKTOP-EUH2O3V" failures="0" tests="6" name="Default test" time="1.851" errors="0" timestamp="2023-12-22T20:43:42 IST">
  <testcase classname="capstoneprojrestassured.GetAllMedicine" name="get_all_products" time="1.265"/>
  <testcase classname="capstoneprojrestassured.GetAllMedicine" name="get_all_users" time="0.026"/>
  <testcase classname="capstoneprojrestassured.GetAllMedicine" name="add_Product" time="0.386"/>
  <testcase classname="capstoneprojrestassured.GetAllMedicine" name="update_ProductName" time="0.074"/>
  <testcase classname="capstoneprojrestassured.GetAllMedicine" name="update_ProductStatus" time="0.016"/>
  <testcase classname="capstoneprojrestassured.GetAllMedicine" name="deleteProduct" time="0.023"/>
</testsuite> <!-- Default test -->
