<?xml version="1.0" encoding="UTF-8"?>
<testng-results ignored="0" total="6" passed="6" failed="0" skipped="0">
  <reporter-output>
  </reporter-output>
  <suite started-at="2023-12-22T20:43:40 IST" name="Default suite" finished-at="2023-12-22T20:43:42 IST" duration-ms="1851">
    <groups>
    </groups>
    <test started-at="2023-12-22T20:43:40 IST" name="Default test" finished-at="2023-12-22T20:43:42 IST" duration-ms="1851">
      <class name="capstoneprojrestassured.GetAllMedicine">
        <test-method signature="get_all_products()[pri:1, instance:capstoneprojrestassured.GetAllMedicine@1de76cc7]" started-at="2023-12-22T20:43:40 IST" name="get_all_products" finished-at="2023-12-22T20:43:41 IST" duration-ms="1265" status="PASS">
          <reporter-output>
          </reporter-output>
        </test-method> <!-- get_all_products -->
        <test-method signature="get_all_users()[pri:2, instance:capstoneprojrestassured.GetAllMedicine@1de76cc7]" started-at="2023-12-22T20:43:41 IST" name="get_all_users" finished-at="2023-12-22T20:43:41 IST" duration-ms="26" status="PASS">
          <reporter-output>
          </reporter-output>
        </test-method> <!-- get_all_users -->
        <test-method signature="add_Product()[pri:3, instance:capstoneprojrestassured.GetAllMedicine@1de76cc7]" started-at="2023-12-22T20:43:41 IST" name="add_Product" finished-at="2023-12-22T20:43:42 IST" duration-ms="386" status="PASS">
          <reporter-output>
          </reporter-output>
        </test-method> <!-- add_Product -->
        <test-method signature="update_ProductName()[pri:4, instance:capstoneprojrestassured.GetAllMedicine@1de76cc7]" started-at="2023-12-22T20:43:42 IST" name="update_ProductName" finished-at="2023-12-22T20:43:42 IST" duration-ms="74" status="PASS">
          <reporter-output>
          </reporter-output>
        </test-method> <!-- update_ProductName -->
        <test-method signature="update_ProductStatus()[pri:5, instance:capstoneprojrestassured.GetAllMedicine@1de76cc7]" started-at="2023-12-22T20:43:42 IST" name="update_ProductStatus" finished-at="2023-12-22T20:43:42 IST" duration-ms="16" status="PASS">
          <reporter-output>
          </reporter-output>
        </test-method> <!-- update_ProductStatus -->
        <test-method signature="deleteProduct()[pri:6, instance:capstoneprojrestassured.GetAllMedicine@1de76cc7]" started-at="2023-12-22T20:43:42 IST" name="deleteProduct" finished-at="2023-12-22T20:43:42 IST" duration-ms="23" status="PASS">
          <reporter-output>
          </reporter-output>
        </test-method> <!-- deleteProduct -->
      </class> <!-- capstoneprojrestassured.GetAllMedicine -->
    </test> <!-- Default test -->
  </suite> <!-- Default suite -->
</testng-results>
